<?xml version="1.0" encoding="UTF-8"?>
<!-- Generated by org.testng.reporters.JUnitReportReporter -->
<testsuite hostname="SYS-PC" name="com.izt.snow.automation.incidentmanagement.test" tests="2" failures="0" timestamp="2 Mar 2017 10:49:21 GMT" time="193.716" errors="0">
  <testcase name="inProgress" time="120.895" classname="com.izt.snow.automation.incidentmanagement.test"/>
  <testcase name="createNewIncident" time="72.821" classname="com.izt.snow.automation.incidentmanagement.test"/>
</testsuite> <!-- com.izt.snow.automation.incidentmanagement.test -->
