<?xml version="1.0" encoding="UTF-8"?>
<!-- Generated by org.testng.reporters.JUnitReportReporter -->
<testsuite hostname="SYS-PC" name="com.izt.snow.automation.incidentmanagement.CreateNewTicket" tests="1" failures="0" timestamp="23 Mar 2017 05:16:04 GMT" time="134.104" errors="0">
  <testcase name="createTest" time="134.104" classname="com.izt.snow.automation.incidentmanagement.CreateNewTicket"/>
</testsuite> <!-- com.izt.snow.automation.incidentmanagement.CreateNewTicket -->
